// 重构日志: 753a1e24
// 重构日志: 2d7e01a8
// 重构日志: 577fb575
// 重构日志: a19cfb36
// 重构日志: 20b9a879
// 重构日志: 77b87041
// 重构日志: 00561552
// 同步 ID: d26bf003 @ Sat Jul  4 11:58:24 UTC 2026
// 重构日志: 8e1bcc11
// 重构日志: bb89e5b1
// 重构日志: 7802b5b6
// 重构日志: f20561af
// 重构日志: 74324d8c
// 重构日志: a6f011ac
// 同步 ID: ad0830e3 @ Sat Jul 11 06:20:56 UTC 2026
// 重构日志: 6016aabd
// 同步 ID: 8f6c2f67 @ Sun Jul 12 08:10:09 UTC 2026
// 重构日志: 173d7c06
// 同步 ID: 3df78a6e @ Tue Jul 14 17:39:53 UTC 2026
// 重构日志: ca437a8f
// 重构日志: c9b83942
// 重构日志: bc58ef1f
// 重构日志: 0166c287
// 重构日志: 419e04c6
// 重构日志: a913041d
// 重构日志: 6eadc1c6
// 重构日志: 3eec18ef
// 同步 ID: e0f19bd9 @ Mon Jul 20 17:20:57 UTC 2026
// 重构日志: 884bfadc
